  Application.cpp
  DebugCamera.cpp
  DxcCompiler.cpp
  imgui.cpp
  imgui_demo.cpp
  imgui_draw.cpp
  imgui_impl_dx12.cpp
  imgui_impl_win32.cpp
  imgui_tables.cpp
  imgui_widgets.cpp
  Graphics.cpp
  InputLayout.cpp
  Input.cpp
  Logger.cpp
  Matrix.cpp
  PsoBuilder.cpp
  RootSignatureFactory.cpp
  Sound.cpp
  Sprite.cpp
  SpriteCommon.cpp
  StringUtil.cpp
C:\LE2C\CG2\CG2_GameEngine\Engine\Framework\PsoBuilder.cpp(47,10): warning C4189: 'hr': ローカル変数が初期化されましたが、参照されていません
C:\LE2C\CG2\CG2_GameEngine\Engine\Framework\Graphics.cpp(85,10): warning C4189: 'hr': ローカル変数が初期化されましたが、参照されていません
C:\LE2C\CG2\CG2_GameEngine\Engine\Framework\Graphics.cpp(248,11): warning C4189: 'hr': ローカル変数が初期化されましたが、参照されていません
C:\LE2C\CG2\CG2_GameEngine\Engine\Framework\Graphics.cpp(334,10): warning C4189: 'hr': ローカル変数が初期化されましたが、参照されていません
C:\LE2C\CG2\CG2_GameEngine\Engine\Framework\Graphics.cpp(351,11): warning C4189: 'hr': ローカル変数が初期化されましたが、参照されていません
C:\LE2C\CG2\CG2_GameEngine\Engine\Framework\Graphics.cpp(419,10): warning C4189: 'hr': ローカル変数が初期化されましたが、参照されていません
  main.cpp
  main.obj : MSIL .netmodule または /GL を伴ってコンパイルされたモジュールが見つかりました。/LTCG を使用して再開始してください。リンカーのパフォーマンスを向上させるためには、コマンドラインに /LTCG を追加してください。
  コード生成しています。
  コード生成が終了しました。
  CG2_GameEngine.vcxproj -> C:\LE2C\CG2\CG2_GameEngine\x64\Development\CG2_GameEngine.exe
          1 個のファイルをコピーしました。
          1 個のファイルをコピーしました。
