c:\le2c\cg2\cg2_gameengine\cg2_gameengine\x64\development\imgui_widgets.obj
c:\le2c\cg2\cg2_gameengine\cg2_gameengine\x64\development\imgui_draw.obj
c:\le2c\cg2\cg2_gameengine\cg2_gameengine\x64\development\imgui.obj
c:\le2c\cg2\cg2_gameengine\cg2_gameengine\x64\development\stringutil.obj
c:\le2c\cg2\cg2_gameengine\cg2_gameengine\x64\development\app.obj
c:\le2c\cg2\cg2_gameengine\cg2_gameengine\x64\development\imgui_impl_win32.obj
c:\le2c\cg2\cg2_gameengine\cg2_gameengine\x64\development\sprite.obj
c:\le2c\cg2\cg2_gameengine\cg2_gameengine\x64\development\graphics.obj
c:\le2c\cg2\cg2_gameengine\cg2_gameengine\x64\development\matrix.obj
c:\le2c\cg2\cg2_gameengine\cg2_gameengine\x64\development\imgui_impl_dx12.obj
c:\le2c\cg2\cg2_gameengine\cg2_gameengine\x64\development\logger.obj
c:\le2c\cg2\cg2_gameengine\cg2_gameengine\x64\development\debugcamera.obj
c:\le2c\cg2\cg2_gameengine\cg2_gameengine\x64\development\imgui_tables.obj
c:\le2c\cg2\cg2_gameengine\cg2_gameengine\x64\development\main.obj
c:\le2c\cg2\cg2_gameengine\cg2_gameengine\x64\development\imgui_demo.obj
c:\le2c\cg2\cg2_gameengine\cg2_gameengine\x64\development\vc143.pdb
c:\le2c\cg2\cg2_gameengine\x64\development\cg2_gameengine.exe
c:\le2c\cg2\cg2_gameengine\x64\development\cg2_gameengine.pdb
c:\le2c\cg2\cg2_gameengine\cg2_gameengine\x64\development\cg2_gameengine.ipdb
c:\le2c\cg2\cg2_gameengine\cg2_gameengine\x64\development\cg2_gameengine.iobj
c:\le2c\cg2\cg2_gameengine\cg2_gameengine\x64\development\cg2_gameengine.tlog\cl.11900.write.1.tlog
c:\le2c\cg2\cg2_gameengine\cg2_gameengine\x64\development\cg2_gameengine.tlog\cl.command.1.tlog
c:\le2c\cg2\cg2_gameengine\cg2_gameengine\x64\development\cg2_gameengine.tlog\cl.items.tlog
c:\le2c\cg2\cg2_gameengine\cg2_gameengine\x64\development\cg2_gameengine.tlog\cl.read.1.tlog
c:\le2c\cg2\cg2_gameengine\cg2_gameengine\x64\development\cg2_gameengine.tlog\link.command.1.tlog
c:\le2c\cg2\cg2_gameengine\cg2_gameengine\x64\development\cg2_gameengine.tlog\link.read.1.tlog
c:\le2c\cg2\cg2_gameengine\cg2_gameengine\x64\development\cg2_gameengine.tlog\link.secondary.1.tlog
c:\le2c\cg2\cg2_gameengine\cg2_gameengine\x64\development\cg2_gameengine.tlog\link.write.1.tlog
