アプリ開始
Use Adapter: NVIDIA GeForce RTX 4060 Laptop GPU

D3D12CreateDevice OK (FeatureLevel: 12.2)
Complete Create Device
Complete Create Commands
Complete Create SwapChain
Complete Create HeapAndTargetView
Complete Create Fence
Complete Create D3D12Device!!!
Begin CompileShader, path:Object3D.VS.hlsl, profile:vs_6_0

Compile Succeeded, path:Object3D.VS.hlsl, profile:vs_6_0

Begin CompileShader, path:Object3D.PS.hlsl, profile:ps_6_0

Compile Succeeded, path:Object3D.PS.hlsl, profile:ps_6_0

Begin CompileShader, path:Object2D.VS.hlsl, profile:vs_6_0

Compile Succeeded, path:Object2D.VS.hlsl, profile:vs_6_0

Begin CompileShader, path:Object2D.PS.hlsl, profile:ps_6_0

Compile Succeeded, path:Object2D.PS.hlsl, profile:ps_6_0

PSO3D生成完了
PSO2D生成完了
VertexResource生成完了
IndexBufferView生成完了
Sprite用の頂点リソース生成完了
indexBufferViewModel生成完了
VertexData生成完了
VertexDataSprite生成完了
indexResourceに書き込み完了
indexDataModelに書き込み完了
viewport
scissorRect
ImGui
初期色
Textureの切り替え変数
Soundロード開始
Soundがwavかmp3か判定開始
Soundはwav
音声読み込み
ループ開始
更新処理始め
描画処理始め
更新処理始め
描画処理始め
更新処理始め
描画処理始め
更新処理始め
描画処理始め
更新処理始め
描画処理始め
更新処理始め
描画処理始め
更新処理始め
描画処理始め
更新処理始め
描画処理始め
更新処理始め
描画処理始め
更新処理始め
描画処理始め
更新処理始め
描画処理始め
更新処理始め
描画処理始め
更新処理始め
描画処理始め
更新処理始め
描画処理始め
更新処理始め
描画処理始め
更新処理始め
描画処理始め
更新処理始め
描画処理始め
更新処理始め
描画処理始め
更新処理始め
描画処理始め
更新処理始め
描画処理始め
更新処理始め
描画処理始め
更新処理始め
描画処理始め
更新処理始め
描画処理始め
更新処理始め
描画処理始め
更新処理始め
描画処理始め
更新処理始め
描画処理始め
更新処理始め
描画処理始め
更新処理始め
描画処理始め
更新処理始め
描画処理始め
更新処理始め
描画処理始め
更新処理始め
描画処理始め
更新処理始め
描画処理始め
更新処理始め
描画処理始め
更新処理始め
描画処理始め
更新処理始め
描画処理始め
更新処理始め
描画処理始め
更新処理始め
描画処理始め
更新処理始め
描画処理始め
更新処理始め
描画処理始め
更新処理始め
描画処理始め
ループ開始
更新処理始め
描画処理始め
ループ開始
更新処理始め
描画処理始め
ループ開始
更新処理始め
描画処理始め
ループ開始
更新処理始め
描画処理始め
ループ開始
更新処理始め
描画処理始め
ループ開始
更新処理始め
描画処理始め
ループ開始
更新処理始め
描画処理始め
更新処理始め
描画処理始め
更新処理始め
描画処理始め
ループ開始
更新処理始め
描画処理始め
ループ開始
更新処理始め
描画処理始め
ループ開始
更新処理始め
描画処理始め
更新処理始め
描画処理始め
更新処理始め
描画処理始め
ループ開始
更新処理始め
描画処理始め
ループ開始
更新処理始め
描画処理始め
更新処理始め
描画処理始め
更新処理始め
描画処理始め
更新処理始め
描画処理始め
更新処理始め
描画処理始め
更新処理始め
描画処理始め
更新処理始め
描画処理始め
ループ開始
更新処理始め
描画処理始め
ループ開始
更新処理始め
描画処理始め
更新処理始め
描画処理始め
更新処理始め
描画処理始め
更新処理始め
描画処理始め
更新処理始め
描画処理始め
更新処理始め
描画処理始め
更新処理始め
描画処理始め
更新処理始め
描画処理始め
更新処理始め
描画処理始め
更新処理始め
描画処理始め
更新処理始め
描画処理始め
更新処理始め
描画処理始め
更新処理始め
描画処理始め
更新処理始め
描画処理始め
更新処理始め
描画処理始め
更新処理始め
描画処理始め
更新処理始め
描画処理始め
更新処理始め
描画処理始め
更新処理始め
描画処理始め
更新処理始め
描画処理始め
更新処理始め
描画処理始め
更新処理始め
描画処理始め
更新処理始め
描画処理始め
更新処理始め
描画処理始め
更新処理始め
描画処理始め
更新処理始め
描画処理始め
更新処理始め
描画処理始め
更新処理始め
描画処理始め
更新処理始め
描画処理始め
更新処理始め
描画処理始め
更新処理始め
描画処理始め
更新処理始め
描画処理始め
更新処理始め
描画処理始め
更新処理始め
描画処理始め
更新処理始め
描画処理始め
更新処理始め
描画処理始め
更新処理始め
描画処理始め
更新処理始め
描画処理始め
更新処理始め
描画処理始め
更新処理始め
描画処理始め
更新処理始め
描画処理始め
更新処理始め
描画処理始め
更新処理始め
描画処理始め
更新処理始め
描画処理始め
更新処理始め
描画処理始め
更新処理始め
描画処理始め
更新処理始め
描画処理始め
更新処理始め
描画処理始め
更新処理始め
描画処理始め
更新処理始め
描画処理始め
更新処理始め
描画処理始め
更新処理始め
描画処理始め
更新処理始め
描画処理始め
更新処理始め
描画処理始め
更新処理始め
描画処理始め
更新処理始め
描画処理始め
更新処理始め
描画処理始め
更新処理始め
描画処理始め
更新処理始め
描画処理始め
更新処理始め
描画処理始め
更新処理始め
描画処理始め
更新処理始め
描画処理始め
更新処理始め
描画処理始め
更新処理始め
描画処理始め
更新処理始め
描画処理始め
AppのShutdown
アプリ終了
