アプリ開始
Use Adapter: NVIDIA GeForce RTX 4060 Laptop GPU

D3D12CreateDevice OK (FeatureLevel: 12.2)
Complete Create Device
Complete Create Commands
Complete Create SwapChain
Complete Create HeapAndTargetView
Complete Create Fence
Complete Create D3D12Device!!!
Begin CompileShader, path:resources/hlsl/Object2D.VS.hlsl, profile:vs_6_0

Compile Succeeded, path:resources/hlsl/Object2D.VS.hlsl, profile:vs_6_0

Begin CompileShader, path:resources/hlsl/Object2D.PS.hlsl, profile:ps_6_0

Compile Succeeded, path:resources/hlsl/Object2D.PS.hlsl, profile:ps_6_0

PSO2D生成完了
VertexBufferView生成完了
IndexBufferView生成完了
VertexDataに割り当て完了
indexDataに割り当て完了
Begin CompileShader, path:resources/hlsl/Object3D.VS.hlsl, profile:vs_6_0

Compile Succeeded, path:resources/hlsl/Object3D.VS.hlsl, profile:vs_6_0

Begin CompileShader, path:resources/hlsl/Object3D.PS.hlsl, profile:ps_6_0

Compile Succeeded, path:resources/hlsl/Object3D.PS.hlsl, profile:ps_6_0

PSO3D生成完了
VertexResource生成完了
indexBufferViewModel生成完了
VertexData生成完了
indexDataModelに書き込み完了
viewport
scissorRect
ImGui初期化
Soundロード開始
Soundがwavかmp3か判定開始
Soundはmp3
SoundLoadMp3開始
MFCreateSourceReaderFromURL通った
MF_SOURCE_READER_ALL_STREAMS通った
MF_SOURCE_READER_FIRST_AUDIO_STREAM通った
MFCreateMediaType通った
SetCurrentMediaType通った
GetCurrentMediaType通った
音声読み込み
ループ開始
ループ開始
ループ開始
ループ開始
ループ開始
ループ開始
ループ開始
ループ開始
ループ開始
ループ開始
ループ開始
ループ開始
ループ開始
ループ開始
ループ開始
ループ開始
ループ開始
ループ開始
ループ開始
ループ開始
ループ開始
ループ開始
ループ開始
ループ開始
ループ開始
ループ開始
ループ開始
ループ開始
ループ開始
ループ開始
ループ開始
ループ開始
ループ開始
ループ開始
ループ開始
ループ開始
ループ開始
ループ開始
ループ開始
ループ開始
ループ開始
ループ開始
ループ開始
ループ開始
ループ開始
ループ開始
ループ開始
ループ開始
ループ開始
ループ開始
ループ開始
ループ開始
ループ開始
ループ開始
ループ開始
ループ開始
ループ開始
ループ開始
ループ開始
ループ開始
ループ開始
ループ開始
ループ開始
ループ開始
ループ開始
ループ開始
ループ開始
ループ開始
ループ開始
ループ開始
ループ開始
ループ開始
ループ開始
ループ開始
ループ開始
ループ開始
ループ開始
ループ開始
ループ開始
ループ開始
ループ開始
ループ開始
ループ開始
ループ開始
ループ開始
ループ開始
ループ開始
ループ開始
ループ開始
ループ開始
ループ開始
ループ開始
ループ開始
ループ開始
ループ開始
ループ開始
ループ開始
ループ開始
ループ開始
ループ開始
ループ開始
ループ開始
ループ開始
ループ開始
ループ開始
ループ開始
ループ開始
ループ開始
ループ開始
ループ開始
ループ開始
ループ開始
ループ開始
ループ開始
ループ開始
ループ開始
ループ開始
ループ開始
ループ開始
ループ開始
ループ開始
ループ開始
ループ開始
ループ開始
ループ開始
ループ開始
ループ開始
ループ開始
ループ開始
ループ開始
ループ開始
ループ開始
ループ開始
ループ開始
ループ開始
ループ開始
ループ開始
ループ開始
ループ開始
ループ開始
ループ開始
ループ開始
ループ開始
ループ開始
ループ開始
ループ開始
ループ開始
ループ開始
ループ開始
ループ開始
ループ開始
ループ開始
ループ開始
ループ開始
ループ開始
ループ開始
ループ開始
ループ開始
ループ開始
ループ開始
ループ開始
ループ開始
ループ開始
ループ開始
ループ開始
ループ開始
ループ開始
ループ開始
ループ開始
ループ開始
ループ開始
ループ開始
ループ開始
ループ開始
ループ開始
ループ開始
ループ開始
ループ開始
ループ開始
ループ開始
ループ開始
ループ開始
ループ開始
ループ開始
ループ開始
ループ開始
ループ開始
ループ開始
ループ開始
ループ開始
ループ開始
ループ開始
ループ開始
ループ開始
ループ開始
ループ開始
ループ開始
ループ開始
ループ開始
ループ開始
ループ開始
ループ開始
ループ開始
ループ開始
ループ開始
ループ開始
ループ開始
ループ開始
ループ開始
ループ開始
ループ開始
ループ開始
ループ開始
ループ開始
ループ開始
ループ開始
ループ開始
ループ開始
ループ開始
ループ開始
ループ開始
ループ開始
ループ開始
ループ開始
ループ開始
ループ開始
ループ開始
ループ開始
ループ開始
ループ開始
ループ開始
ループ開始
ループ開始
AppのShutdown
アプリ終了
