  Application.cpp
  DebugCamera.cpp
  DxcCompiler.cpp
  imgui.cpp
  imgui_demo.cpp
  imgui_draw.cpp
  imgui_impl_dx12.cpp
  imgui_impl_win32.cpp
  imgui_tables.cpp
  imgui_widgets.cpp
  Graphics.cpp
  InputLayout.cpp
  Input.cpp
  Logger.cpp
  main.cpp
  Matrix.cpp
  PsoBuilder.cpp
  RootSignatureFactory.cpp
  Sound.cpp
  Sprite.cpp
  SpriteCommon.cpp
  StringUtil.cpp
C:\LE2C\CG2\CG2_GameEngine\Engine\Framework\PsoBuilder.cpp(47,10): warning C4189: 'hr': ローカル変数が初期化されましたが、参照されていません
C:\LE2C\CG2\CG2_GameEngine\Engine\Framework\Graphics.cpp(85,10): warning C4189: 'hr': ローカル変数が初期化されましたが、参照されていません
C:\LE2C\CG2\CG2_GameEngine\Engine\Framework\Graphics.cpp(248,11): warning C4189: 'hr': ローカル変数が初期化されましたが、参照されていません
C:\LE2C\CG2\CG2_GameEngine\Engine\Framework\Graphics.cpp(334,10): warning C4189: 'hr': ローカル変数が初期化されましたが、参照されていません
C:\LE2C\CG2\CG2_GameEngine\Engine\Framework\Graphics.cpp(351,11): warning C4189: 'hr': ローカル変数が初期化されましたが、参照されていません
C:\LE2C\CG2\CG2_GameEngine\Engine\Framework\Graphics.cpp(419,10): warning C4189: 'hr': ローカル変数が初期化されましたが、参照されていません
  コード生成しています。
  226 of 5379 functions ( 4.2%) were compiled, the rest were copied from previous compilation.
    23 functions were new in current compilation
    226 functions had inline decision re-evaluated but remain unchanged
  コード生成が終了しました。
  CG2_GameEngine.vcxproj -> C:\LE2C\CG2\CG2_GameEngine\x64\Release\CG2_GameEngine.exe
          1 個のファイルをコピーしました。
          1 個のファイルをコピーしました。
