c:\le2c\cg2\cg2_gameengine\cg2_gameengine\x64\debug\imgui_draw.obj
c:\le2c\cg2\cg2_gameengine\cg2_gameengine\x64\debug\matrix.obj
c:\le2c\cg2\cg2_gameengine\cg2_gameengine\x64\debug\imgui_impl_win32.obj
c:\le2c\cg2\cg2_gameengine\cg2_gameengine\x64\debug\imgui_demo.obj
c:\le2c\cg2\cg2_gameengine\cg2_gameengine\x64\debug\imgui_impl_dx12.obj
c:\le2c\cg2\cg2_gameengine\cg2_gameengine\x64\debug\imgui_widgets.obj
c:\le2c\cg2\cg2_gameengine\cg2_gameengine\x64\debug\imgui_tables.obj
c:\le2c\cg2\cg2_gameengine\cg2_gameengine\x64\debug\imgui.obj
c:\le2c\cg2\cg2_gameengine\cg2_gameengine\x64\debug\main.obj
c:\le2c\cg2\cg2_gameengine\cg2_gameengine\x64\debug\graphics.obj
c:\le2c\cg2\cg2_gameengine\cg2_gameengine\x64\debug\logger.obj
c:\le2c\cg2\cg2_gameengine\cg2_gameengine\x64\debug\stringutil.obj
c:\le2c\cg2\cg2_gameengine\cg2_gameengine\x64\debug\debugcamera.obj
c:\le2c\cg2\cg2_gameengine\cg2_gameengine\x64\debug\sprite.obj
c:\le2c\cg2\cg2_gameengine\cg2_gameengine\x64\debug\inputlayout.obj
c:\le2c\cg2\cg2_gameengine\cg2_gameengine\x64\debug\dxccompiler.obj
c:\le2c\cg2\cg2_gameengine\cg2_gameengine\x64\debug\input.obj
c:\le2c\cg2\cg2_gameengine\cg2_gameengine\x64\debug\psobuilder.obj
c:\le2c\cg2\cg2_gameengine\cg2_gameengine\x64\debug\application.obj
c:\le2c\cg2\cg2_gameengine\cg2_gameengine\x64\debug\sound.obj
c:\le2c\cg2\cg2_gameengine\cg2_gameengine\x64\debug\spriterenderer.obj
c:\le2c\cg2\cg2_gameengine\cg2_gameengine\x64\debug\rootsignaturefactory.obj
c:\le2c\cg2\cg2_gameengine\cg2_gameengine\x64\debug\vc143.pdb
c:\le2c\cg2\cg2_gameengine\cg2_gameengine\x64\debug\vc143.idb
c:\le2c\cg2\cg2_gameengine\x64\debug\cg2_gameengine.exe
c:\le2c\cg2\cg2_gameengine\x64\debug\cg2_gameengine.pdb
c:\le2c\cg2\cg2_gameengine\cg2_gameengine\x64\debug\cg2_gameengine.ilk
c:\le2c\cg2\cg2_gameengine\cg2_gameengine\x64\debug\app.obj
c:\le2c\cg2\cg2_gameengine\cg2_gameengine\x64\debug\graphicsmanager.obj
c:\le2c\cg2\cg2_gameengine\cg2_gameengine\x64\debug\inputs.obj
c:\le2c\cg2\cg2_gameengine\cg2_gameengine\x64\debug\application.obj.enc
c:\le2c\cg2\cg2_gameengine\cg2_gameengine\x64\debug\inputlayout.obj.enc
c:\le2c\cg2\cg2_gameengine\cg2_gameengine\x64\debug\cg2_gameengine.tlog\cl.command.1.tlog
c:\le2c\cg2\cg2_gameengine\cg2_gameengine\x64\debug\cg2_gameengine.tlog\cl.items.tlog
c:\le2c\cg2\cg2_gameengine\cg2_gameengine\x64\debug\cg2_gameengine.tlog\cl.read.1.tlog
c:\le2c\cg2\cg2_gameengine\cg2_gameengine\x64\debug\cg2_gameengine.tlog\cl.write.1.tlog
c:\le2c\cg2\cg2_gameengine\cg2_gameengine\x64\debug\cg2_gameengine.tlog\link.command.1.tlog
c:\le2c\cg2\cg2_gameengine\cg2_gameengine\x64\debug\cg2_gameengine.tlog\link.read.1.tlog
c:\le2c\cg2\cg2_gameengine\cg2_gameengine\x64\debug\cg2_gameengine.tlog\link.secondary.1.tlog
c:\le2c\cg2\cg2_gameengine\cg2_gameengine\x64\debug\cg2_gameengine.tlog\link.write.1.tlog
