  Application.cpp
  DebugCamera.cpp
  DxcCompiler.cpp
  imgui.cpp
  imgui_demo.cpp
  imgui_draw.cpp
  imgui_impl_dx12.cpp
  imgui_impl_win32.cpp
  imgui_tables.cpp
  imgui_widgets.cpp
  Graphics.cpp
  InputLayout.cpp
  Input.cpp
  Logger.cpp
  main.cpp
  Matrix.cpp
  PsoBuilder.cpp
  RootSignatureFactory.cpp
  Sound.cpp
  Sprite.cpp
  SpriteCommon.cpp
  StringUtil.cpp
  CG2_GameEngine.vcxproj -> C:\LE2C\CG2\CG2_GameEngine\x64\Debug\CG2_GameEngine.exe
          1 個のファイルをコピーしました。
          1 個のファイルをコピーしました。
